000 (3954176.000.000) 2025-02-05 15:18:59 Job submitted from host: <128.105.68.113:9618?addrs=128.105.68.113-9618+[2607-f388-2200-100-eaeb-d3ff-fea7-d05e]-9618&alias=ap2002.chtc.wisc.edu&noUDP&sock=schedd_3800031_c57e>
...
040 (3954176.000.000) 2025-02-05 15:19:01 Started transferring input files
	Transferring to host: <128.105.69.148:9618?addrs=128.105.69.148-9618+[2607-f388-2200-100-1270-fdff-fe56-ceec]-9618&alias=build4001.chtc.wisc.edu&noUDP&sock=build1_1_2153153_d25e_4132>
...
040 (3954176.000.000) 2025-02-05 15:19:01 Finished transferring input files
...
001 (3954176.000.000) 2025-02-05 15:19:02 Job executing on host: <128.105.69.148:9618?addrs=128.105.69.148-9618+[2607-f388-2200-100-1270-fdff-fe56-ceec]-9618&alias=build4001.chtc.wisc.edu&noUDP&sock=startd_14556_c8a4>
	SlotName: build1_1@build4001.chtc.wisc.edu
	CondorScratchDir = "/var/lib/condor/execute/slot1/dir_3379265"
	Cpus = 4
	Disk = 33555585
	GPUs = 0
	IoHeavy = 0
	Memory = 8192
...
006 (3954176.000.000) 2025-02-05 15:19:16 Image size of job updated: 1500
	1  -  MemoryUsage of job (MB)
	360  -  ResidentSetSize of job (KB)
...
006 (3954176.000.000) 2025-02-05 15:19:22 Image size of job updated: 1780
	2  -  MemoryUsage of job (MB)
	1780  -  ResidentSetSize of job (KB)
...
006 (3954176.000.000) 2025-02-05 15:25:12 Image size of job updated: 1780
	4  -  MemoryUsage of job (MB)
	3228  -  ResidentSetSize of job (KB)
...
040 (3954176.000.000) 2025-02-05 15:25:12 Started transferring output files
...
040 (3954176.000.000) 2025-02-05 15:25:12 Finished transferring output files
...
005 (3954176.000.000) 2025-02-05 15:25:12 Job terminated.
	(1) Normal termination (return value 255)
		Usr 0 00:00:17, Sys 0 00:00:04  -  Run Remote Usage
		Usr 0 00:00:00, Sys 0 00:00:00  -  Run Local Usage
		Usr 0 00:00:17, Sys 0 00:00:04  -  Total Remote Usage
		Usr 0 00:00:00, Sys 0 00:00:00  -  Total Local Usage
	138  -  Run Bytes Sent By Job
	24425  -  Run Bytes Received By Job
	138  -  Total Bytes Sent By Job
	24425  -  Total Bytes Received By Job
	Partitionable Resources :    Usage  Request Allocated 
	   Cpus                 :        0        4         4 
	   Disk (KB)            :    72079 33554432  33555585 
	   GPUs                 :                           0 
	   IoHeavy              :                           0 
	   Memory (MB)          :        4     8192      8192 
	   TimeExecute (s)      :      370                    
	   TimeSlotBusy (s)     :      371                    

	Job terminated of its own accord at 2025-02-05T21:19:22Z with signal 15.
...
