040 (3954185.001.000) 2025-02-05 15:51:12 Started transferring input files
	Transferring to host: <128.105.69.239:9618?addrs=128.105.69.239-9618+[2607-f388-2200-100-eaeb-d3ff-fe40-2314]-9618&alias=e2622.chtc.wisc.edu&noUDP&sock=slot1_1_4064223_852f_317>
...
040 (3954185.001.000) 2025-02-05 15:51:12 Finished transferring input files
...
040 (3954185.001.000) 2025-02-05 15:51:13 Started transferring output files
...
021 (3954185.001.000) 2025-02-05 15:51:13 Error from starter on slot1_1@e2622.chtc.wisc.edu:
	Failed to transfer files: FILETRANSFER:1:non-zero exit (1) from /usr/libexec/condor/curl_plugin. |Error: Couldn't open file /staging/ptran5/HiteLab//preprocessing/assembly/LagoonManure-1_S2_L007_scaffolds.fasta (with environment: http_proxy='http://squid-cs-2360.chtc.wisc.edu:3128', https_proxy='') ( URL file = file:///staging/ptran5/HiteLab//preprocessing/assembly/LagoonManure-1_S2_L007_scaffolds.fasta )|
	Code 12 Subcode 256
...
004 (3954185.001.000) 2025-02-05 15:51:13 Job was evicted. Code 13 Subcode 256
	(0) CPU times
		Usr 0 00:00:00, Sys 0 00:00:00  -  Run Remote Usage
		Usr 0 00:00:00, Sys 0 00:00:00  -  Run Local Usage
	0  -  Run Bytes Sent By Job
	0  -  Run Bytes Received By Job
	Reason: Transfer input files failure at execution point slot1_1@e2622.chtc.wisc.edu using protocol file. Details: Couldn't open file /staging/ptran5/HiteLab//preprocessing/assembly/LagoonManure-1_S2_L007_scaffolds.fasta (with environment: http_proxy='http://squid-cs-2360.chtc.wisc.edu:3128', https_proxy='') ( URL file = file:///staging/ptran5/HiteLab//preprocessing/assembly/LagoonManure-1_S2_L007_scaffolds.fasta )|
	Partitionable Resources :    Usage  Request Allocated 
	   Cpus                 :                20        20 
	   Disk (KB)            :       20 52428800  52430192 
	   GPUs                 :                           0 
	   IoHeavy              :                           0 
	   Memory (MB)          :             65536     65536 
...
012 (3954185.001.000) 2025-02-05 15:51:13 Job was held.
	Transfer input files failure at execution point slot1_1@e2622.chtc.wisc.edu using protocol file. Details: Couldn't open file /staging/ptran5/HiteLab//preprocessing/assembly/LagoonManure-1_S2_L007_scaffolds.fasta (with environment: http_proxy='http://squid-cs-2360.chtc.wisc.edu:3128', https_proxy='') ( URL file = file:///staging/ptran5/HiteLab//preprocessing/assembly/LagoonManure-1_S2_L007_scaffolds.fasta )|
	Code 13 Subcode 256
...
009 (3954185.001.000) 2025-02-05 15:53:36 Job was aborted.
	via condor_rm (by user ptran5)
...
